app/build/outputs/logs/manifest-merger-debug-report.txt
-- Merging decision tree log ---
manifest
ADDED from src\main\AndroidManifest.xml:2:1-214:12
	package
		ADDED from src\main\AndroidManifest.xml:4:5-39
		INJECTED from src\main\AndroidManifest.xml
		INJECTED from src\main\AndroidManifest.xml
	android:versionName
		INJECTED from src\main\AndroidManifest.xml
		INJECTED from src\main\AndroidManifest.xml
	xmlns:tools
		ADDED from src\main\AndroidManifest.xml:3:5-51
	xmlns:android
		ADDED from src\main\AndroidManifest.xml:2:11-69
	android:versionCode
		INJECTED from src\main\AndroidManifest.xml
		INJECTED from src\main\AndroidManifest.xml
uses-permission#android.permission.BLUETOOTH
ADDED from src\main\AndroidManifest.xml:6:5-68
	android:name
		ADDED from src\main\AndroidManifest.xml:6:22-65
uses-permission#android.permission.CALL_PHONE
ADDED from src\main\AndroidManifest.xml:7:5-69
	android:name
		ADDED from src\main\AndroidManifest.xml:7:22-66
uses-permission#android.permission.PROCESS_OUTGOING_CALLS
ADDED from src\main\AndroidManifest.xml:8:5-81
	android:name
		ADDED from src\main\AndroidManifest.xml:8:22-78
uses-permission#android.permission.READ_CALL_LOG
ADDED from src\main\AndroidManifest.xml:9:5-72
	android:name
		ADDED from src\main\AndroidManifest.xml:9:22-69
uses-permission#android.permission.READ_PHONE_STATE
ADDED from src\main\AndroidManifest.xml:11:5-75
	android:name
		ADDED from src\main\AndroidManifest.xml:11:22-72
uses-permission#android.permission.RECORD_AUDIO
ADDED from src\main\AndroidManifest.xml:12:5-71
	android:name
		ADDED from src\main\AndroidManifest.xml:12:22-68
uses-permission#android.permission.WRITE_EXTERNAL_STORAGE
ADDED from src\main\AndroidManifest.xml:13:5-81
	android:name
		ADDED from src\main\AndroidManifest.xml:13:22-78
uses-permission#android.permission.READ_CONTACTS
ADDED from src\main\AndroidManifest.xml:14:5-72
	android:name
		ADDED from src\main\AndroidManifest.xml:14:22-69
uses-permission#android.permision.CALL_PHONE
ADDED from src\main\AndroidManifest.xml:15:5-68
	android:name
		ADDED from src\main\AndroidManifest.xml:15:22-65
uses-permission#android.permission.SYSTEM_ALERT_WINDOW
ADDED from src\main\AndroidManifest.xml:16:5-78
	android:name
		ADDED from src\main\AndroidManifest.xml:16:22-75
uses-permission#android.permission.MODIFY_AUDIO_SETTINGS
ADDED from src\main\AndroidManifest.xml:17:5-79
	android:name
		ADDED from src\main\AndroidManifest.xml:17:22-77
uses-permission#android.permission.INTERNET
ADDED from src\main\AndroidManifest.xml:18:5-83
MERGED from [com.google.android.gms:play-services-ads-lite:9.0.0] AndroidManifest.xml:20:5-66
MERGED from [com.google.android.gms:play-services-analytics:9.0.0] AndroidManifest.xml:21:5-67
MERGED from [com.google.android.gms:play-services-appinvite:9.0.0] AndroidManifest.xml:19:5-67
MERGED from [com.google.firebase:firebase-crash:9.0.0] AndroidManifest.xml:20:5-66
MERGED from [com.google.android.gms:play-services-gcm:9.0.0] AndroidManifest.xml:22:5-67
MERGED from [com.google.android.gms:play-services-iid:9.0.0] AndroidManifest.xml:22:5-67
MERGED from [com.google.android.gms:play-services-analytics-impl:9.0.0] AndroidManifest.xml:21:5-67
MERGED from [com.google.android.gms:play-services-tagmanager-api:9.0.0] AndroidManifest.xml:21:5-67
MERGED from [com.google.firebase:firebase-analytics:9.0.0] AndroidManifest.xml:21:5-67
MERGED from [com.google.firebase:firebase-analytics-impl:9.0.0] AndroidManifest.xml:21:5-67
MERGED from [com.google.firebase:firebase-iid:9.0.0] AndroidManifest.xml:21:5-67
MERGED from [com.google.android.gms:play-services-maps:9.0.0] AndroidManifest.xml:21:5-66
	android:name
		ADDED from src\main\AndroidManifest.xml:18:22-64
application
ADDED from src\main\AndroidManifest.xml:21:5-212:19
MERGED from [com.android.support:design:23.4.0] AndroidManifest.xml:22:5-20
MERGED from [com.timehop.stickyheadersrecyclerview:library:0.4.3] AndroidManifest.xml:12:5-20
MERGED from [com.android.support:cardview-v7:23.4.0] AndroidManifest.xml:22:5-20
MERGED from [de.hdodenhof:circleimageview:2.1.0] AndroidManifest.xml:9:5-20
MERGED from [com.google.android.gms:play-services:9.0.0] AndroidManifest.xml:5:5-20
MERGED from [com.google.android.gms:play-services-ads-lite:9.0.0] AndroidManifest.xml:24:5-32:19
MERGED from [com.google.android.gms:play-services-analytics:9.0.0] AndroidManifest.xml:27:5-20
MERGED from [com.google.android.gms:play-services-appinvite:9.0.0] AndroidManifest.xml:20:5-30:19
MERGED from [com.google.android.gms:play-services-cast:9.0.0] AndroidManifest.xml:19:5-20
MERGED from [com.android.support:mediarouter-v7:23.0.0] AndroidManifest.xml:22:5-20
MERGED from [com.google.firebase:firebase-config:9.0.0] AndroidManifest.xml:19:5-20
MERGED from [com.google.firebase:firebase-crash:9.0.0] AndroidManifest.xml:24:5-32:19
MERGED from [com.google.firebase:firebase-auth:9.0.0] AndroidManifest.xml:20:5-21:19
MERGED from [com.google.firebase:firebase-auth-common:9.0.0] AndroidManifest.xml:20:5-21:19
MERGED from [com.google.firebase:firebase-messaging:9.0.0] AndroidManifest.xml:20:5-32:19
MERGED from [com.google.android.gms:play-services-fitness:9.0.0] AndroidManifest.xml:19:5-20
MERGED from [com.google.android.gms:play-services-games:9.0.0] AndroidManifest.xml:19:5-20
MERGED from [com.google.android.gms:play-services-drive:9.0.0] AndroidManifest.xml:19:5-20
MERGED from [com.google.android.gms:play-services-gcm:9.0.0] AndroidManifest.xml:24:5-20
MERGED from [com.google.android.gms:play-services-appindexing:9.0.0] AndroidManifest.xml:19:5-20
MERGED from [com.google.android.gms:play-services-iid:9.0.0] AndroidManifest.xml:24:5-20
MERGED from [com.google.android.gms:play-services-location:9.0.0] AndroidManifest.xml:19:5-20
MERGED from [com.google.android.gms:play-services-nearby:9.0.0] AndroidManifest.xml:20:5-20
MERGED from [com.google.android.gms:play-services-panorama:9.0.0] AndroidManifest.xml:19:5-20
MERGED from [com.google.android.gms:play-services-plus:9.0.0] AndroidManifest.xml:19:5-20
MERGED from [com.google.android.gms:play-services-safetynet:9.0.0] AndroidManifest.xml:19:5-20
MERGED from [com.google.android.gms:play-services-analytics-impl:9.0.0] AndroidManifest.xml:27:5-20
MERGED from [com.google.android.gms:play-services-tagmanager-api:9.0.0] AndroidManifest.xml:24:5-38:19
MERGED from [com.google.firebase:firebase-analytics:9.0.0] AndroidManifest.xml:26:5-41:19
MERGED from [com.google.firebase:firebase-analytics-impl:9.0.0] AndroidManifest.xml:26:5-41:19
MERGED from [com.google.firebase:firebase-iid:9.0.0] AndroidManifest.xml:30:5-59:19
MERGED from [com.google.android.gms:play-services-vision:9.0.0] AndroidManifest.xml:5:5-20
MERGED from [com.google.android.gms:play-services-identity:9.0.0] AndroidManifest.xml:19:5-20
MERGED from [com.google.android.gms:play-services-maps:9.0.0] AndroidManifest.xml:27:5-20
MERGED from [com.google.android.gms:play-services-wearable:9.0.0] AndroidManifest.xml:19:5-20
MERGED from [com.google.android.gms:play-services-auth:9.0.0] AndroidManifest.xml:20:5-32:19
MERGED from [com.google.android.gms:play-services-base:9.0.0] AndroidManifest.xml:19:5-23:19
MERGED from [com.google.firebase:firebase-common:9.0.0] AndroidManifest.xml:5:5-12:19
MERGED from [com.google.android.gms:play-services-tasks:9.0.0] AndroidManifest.xml:5:5-20
MERGED from [com.google.android.gms:play-services-basement:9.0.0] AndroidManifest.xml:20:5-24:19
MERGED from [com.nononsenseapps:filepicker:3.1.0] AndroidManifest.xml:17:5-20
MERGED from [com.android.support:appcompat-v7:24.2.1] AndroidManifest.xml:25:5-20
MERGED from [com.android.support:animated-vector-drawable:24.2.1] AndroidManifest.xml:22:5-20
MERGED from [com.android.support:support-vector-drawable:24.2.1] AndroidManifest.xml:23:5-20
MERGED from [com.android.support:support-v4:24.2.1] AndroidManifest.xml:25:5-20
MERGED from [com.android.support:support-fragment:24.2.1] AndroidManifest.xml:25:5-20
MERGED from [com.android.support:support-media-compat:24.2.1] AndroidManifest.xml:25:5-20
MERGED from [com.android.support:support-core-utils:24.2.1] AndroidManifest.xml:25:5-20
MERGED from [com.android.support:support-core-ui:24.2.1] AndroidManifest.xml:25:5-20
MERGED from [com.android.support:support-compat:24.2.1] AndroidManifest.xml:25:5-20
	android:label
		ADDED from src\main\AndroidManifest.xml:25:9-41
	android:supportsRtl
		ADDED from src\main\AndroidManifest.xml:27:9-35
	android:allowBackup
		ADDED from src\main\AndroidManifest.xml:23:9-35
	android:icon
		ADDED from src\main\AndroidManifest.xml:24:9-39
	android:largeHeap
		ADDED from src\main\AndroidManifest.xml:26:9-33
	android:theme
		ADDED from src\main\AndroidManifest.xml:28:9-47
	android:name
		ADDED from src\main\AndroidManifest.xml:22:9-68
meta-data#com.google.android.geo.API_KEY
ADDED from src\main\AndroidManifest.xml:29:9-31:56
	android:value
		ADDED from src\main\AndroidManifest.xml:31:13-53
	android:name
		ADDED from src\main\AndroidManifest.xml:30:13-58
meta-data#com.google.android.gms.version
ADDED from src\main\AndroidManifest.xml:32:9-34:69
MERGED from [com.google.android.gms:play-services-basement:9.0.0] AndroidManifest.xml:21:9-23:69
	android:value
		ADDED from src\main\AndroidManifest.xml:34:13-66
	android:name
		ADDED from src\main\AndroidManifest.xml:33:13-58
activity#example.com.callrecorder.MainActivity
ADDED from src\main\AndroidManifest.xml:36:9-46:20
	android:screenOrientation
		ADDED from src\main\AndroidManifest.xml:39:13-49
	android:label
		ADDED from src\main\AndroidManifest.xml:38:13-45
	android:theme
		ADDED from src\main\AndroidManifest.xml:40:13-56
	android:name
		ADDED from src\main\AndroidManifest.xml:37:13-41
intent-filter#android.intent.action.MAIN+android.intent.category.LAUNCHER
ADDED from src\main\AndroidManifest.xml:41:13-45:29
action#android.intent.action.MAIN
ADDED from src\main\AndroidManifest.xml:42:17-69
	android:name
		ADDED from src\main\AndroidManifest.xml:42:25-66
category#android.intent.category.LAUNCHER
ADDED from src\main\AndroidManifest.xml:44:17-77
	android:name
		ADDED from src\main\AndroidManifest.xml:44:27-74
activity#example.com.callrecorder.CloudAccount
ADDED from src\main\AndroidManifest.xml:47:9-51:59
	android:screenOrientation
		ADDED from src\main\AndroidManifest.xml:50:13-49
	android:label
		ADDED from src\main\AndroidManifest.xml:49:13-65
	android:theme
		ADDED from src\main\AndroidManifest.xml:51:13-56
	android:name
		ADDED from src\main\AndroidManifest.xml:48:13-41
activity#example.com.callrecorder.Setting
ADDED from src\main\AndroidManifest.xml:52:9-56:59
	android:screenOrientation
		ADDED from src\main\AndroidManifest.xml:55:13-49
	android:label
		ADDED from src\main\AndroidManifest.xml:54:13-59
	android:theme
		ADDED from src\main\AndroidManifest.xml:56:13-56
	android:name
		ADDED from src\main\AndroidManifest.xml:53:13-36
activity#example.com.callrecorder.DetailActivity
ADDED from src\main\AndroidManifest.xml:57:9-59:32
	android:label
		ADDED from src\main\AndroidManifest.xml:59:13-29
	android:name
		ADDED from src\main\AndroidManifest.xml:58:13-43
activity#example.com.callrecorder.PlayActivity
ADDED from src\main\AndroidManifest.xml:65:9-68:52
	android:screenOrientation
		ADDED from src\main\AndroidManifest.xml:68:13-49
	android:label
		ADDED from src\main\AndroidManifest.xml:67:13-29
	android:name
		ADDED from src\main\AndroidManifest.xml:66:13-41
activity#example.com.callrecorder.Recording
ADDED from src\main\AndroidManifest.xml:69:9-72:52
	android:screenOrientation
		ADDED from src\main\AndroidManifest.xml:72:13-49
	android:label
		ADDED from src\main\AndroidManifest.xml:71:13-29
	android:name
		ADDED from src\main\AndroidManifest.xml:70:13-38
activity#example.com.callrecorder.Filter
ADDED from src\main\AndroidManifest.xml:73:9-76:52
	android:screenOrientation
		ADDED from src\main\AndroidManifest.xml:76:13-49
	android:label
		ADDED from src\main\AndroidManifest.xml:75:13-29
	android:name
		ADDED from src\main\AndroidManifest.xml:74:13-35
activity#example.com.callrecorder.Notification_activity
ADDED from src\main\AndroidManifest.xml:77:9-80:52
	android:screenOrientation
		ADDED from src\main\AndroidManifest.xml:80:13-49
	android:label
		ADDED from src\main\AndroidManifest.xml:79:13-29
	android:name
		ADDED from src\main\AndroidManifest.xml:78:13-50
activity#example.com.callrecorder.Editnotes_activity
ADDED from src\main\AndroidManifest.xml:81:9-84:52
	android:screenOrientation
		ADDED from src\main\AndroidManifest.xml:84:13-49
	android:label
		ADDED from src\main\AndroidManifest.xml:83:13-29
	android:name
		ADDED from src\main\AndroidManifest.xml:82:13-47
activity#example.com.callrecorder.Googledrive.Drive_activity
ADDED from src\main\AndroidManifest.xml:86:9-89:52
	android:screenOrientation
		ADDED from src\main\AndroidManifest.xml:89:13-49
	android:label
		ADDED from src\main\AndroidManifest.xml:88:13-29
	android:name
		ADDED from src\main\AndroidManifest.xml:87:13-55
activity#example.com.callrecorder.Ignore_contact
ADDED from src\main\AndroidManifest.xml:90:9-93:52
	android:screenOrientation
		ADDED from src\main\AndroidManifest.xml:93:13-49
	android:label
		ADDED from src\main\AndroidManifest.xml:92:13-29
	android:name
		ADDED from src\main\AndroidManifest.xml:91:13-43
activity#example.com.callrecorder.ContactToSave
ADDED from src\main\AndroidManifest.xml:94:9-97:52
	android:screenOrientation
		ADDED from src\main\AndroidManifest.xml:97:13-49
	android:label
		ADDED from src\main\AndroidManifest.xml:96:13-29
	android:name
		ADDED from src\main\AndroidManifest.xml:95:13-42
activity#example.com.callrecorder.Record_contact
ADDED from src\main\AndroidManifest.xml:98:9-101:52
	android:screenOrientation
		ADDED from src\main\AndroidManifest.xml:101:13-49
	android:label
		ADDED from src\main\AndroidManifest.xml:100:13-29
	android:name
		ADDED from src\main\AndroidManifest.xml:99:13-43
receiver#example.com.callrecorder.callrecordersdata.CallBroadcastReceiver
ADDED from src\main\AndroidManifest.xml:103:9-112:20
	android:enabled
		ADDED from src\main\AndroidManifest.xml:105:13-35
	android:exported
		ADDED from src\main\AndroidManifest.xml:106:13-36
	android:name
		ADDED from src\main\AndroidManifest.xml:104:13-68
intent-filter#android.intent.action.NEW_OUTGOING_CALL+android.intent.action.PHONE_STATE
ADDED from src\main\AndroidManifest.xml:107:13-111:29
action#android.intent.action.NEW_OUTGOING_CALL
ADDED from src\main\AndroidManifest.xml:108:17-82
	android:name
		ADDED from src\main\AndroidManifest.xml:108:25-79
action#android.intent.action.PHONE_STATE
ADDED from src\main\AndroidManifest.xml:109:17-76
	android:name
		ADDED from src\main\AndroidManifest.xml:109:25-73
receiver#example.com.callrecorder.callrecordersdata.NotificationBroadcast
ADDED from src\main\AndroidManifest.xml:114:9-119:20
	android:enabled
		ADDED from src\main\AndroidManifest.xml:116:13-35
	android:exported
		ADDED from src\main\AndroidManifest.xml:117:13-36
	android:name
		ADDED from src\main\AndroidManifest.xml:115:13-68
activity#example.com.callrecorder.callrecordersdata.CallLog
ADDED from src\main\AndroidManifest.xml:120:9-122:48
	android:label
		ADDED from src\main\AndroidManifest.xml:122:13-36
	android:name
		ADDED from src\main\AndroidManifest.xml:121:13-54
activity#example.com.callrecorder.callrecordersdata.CallPlayer
ADDED from src\main\AndroidManifest.xml:123:9-131:20
	android:label
		ADDED from src\main\AndroidManifest.xml:125:13-39
	android:name
		ADDED from src\main\AndroidManifest.xml:124:13-57
intent-filter#android.intent.action.VIEW
ADDED from src\main\AndroidManifest.xml:126:13-130:29
action#android.intent.action.VIEW
ADDED from src\main\AndroidManifest.xml:127:17-69
	android:name
		ADDED from src\main\AndroidManifest.xml:127:25-66
data
ADDED from src\main\AndroidManifest.xml:129:17-52
	android:mimeType
		ADDED from src\main\AndroidManifest.xml:129:23-49
service#example.com.callrecorder.callrecordersdata.SyncService
ADDED from src\main\AndroidManifest.xml:132:9-65
	android:name
		ADDED from src\main\AndroidManifest.xml:132:18-63
service#example.com.callrecorder.callrecordersdata.AutoSaveToCloudService
ADDED from src\main\AndroidManifest.xml:133:9-76
	android:name
		ADDED from src\main\AndroidManifest.xml:133:18-74
service#example.com.callrecorder.callrecordersdata.RecordService
ADDED from src\main\AndroidManifest.xml:135:9-140:19
	android:name
		ADDED from src\main\AndroidManifest.xml:135:18-65
intent-filter#android.intent.action.PHONE_STATE
ADDED from src\main\AndroidManifest.xml:137:13-139:29
activity#example.com.callrecorder.PopupActivity
ADDED from src\main\AndroidManifest.xml:141:9-144:84
	android:enabled
		ADDED from src\main\AndroidManifest.xml:143:13-35
	android:theme
		ADDED from src\main\AndroidManifest.xml:144:13-72
	android:name
		ADDED from src\main\AndroidManifest.xml:142:13-42
service#example.com.callrecorder.callrecordersdata.PlayService
ADDED from src\main\AndroidManifest.xml:154:9-74
	android:name
		ADDED from src\main\AndroidManifest.xml:154:18-63
service#example.com.callrecorder.MyService
ADDED from src\main\AndroidManifest.xml:155:9-158:39
	android:enabled
		ADDED from src\main\AndroidManifest.xml:157:13-35
	android:exported
		ADDED from src\main\AndroidManifest.xml:158:13-36
	android:name
		ADDED from src\main\AndroidManifest.xml:156:13-38
activity#com.dropbox.core.android.AuthActivity
ADDED from src\main\AndroidManifest.xml:160:9-174:20
	android:launchMode
		ADDED from src\main\AndroidManifest.xml:163:13-44
	android:configChanges
		ADDED from src\main\AndroidManifest.xml:162:13-57
	android:name
		ADDED from src\main\AndroidManifest.xml:161:13-65
intent-filter#android.intent.action.VIEW+android.intent.category.BROWSABLE+android.intent.category.DEFAULT
ADDED from src\main\AndroidManifest.xml:164:13-173:29
category#android.intent.category.BROWSABLE
ADDED from src\main\AndroidManifest.xml:171:17-78
	android:name
		ADDED from src\main\AndroidManifest.xml:171:27-75
category#android.intent.category.DEFAULT
ADDED from src\main\AndroidManifest.xml:172:17-76
	android:name
		ADDED from src\main\AndroidManifest.xml:172:27-73
activity#example.com.callrecorder.CallHistory
ADDED from src\main\AndroidManifest.xml:175:9-180:25
	android:screenOrientation
		ADDED from src\main\AndroidManifest.xml:179:13-49
	android:label
		ADDED from src\main\AndroidManifest.xml:177:13-29
	android:theme
		ADDED from src\main\AndroidManifest.xml:178:13-63
	android:name
		ADDED from src\main\AndroidManifest.xml:176:13-40
activity#example.com.callrecorder.AndroidPlayerActivity
ADDED from src\main\AndroidManifest.xml:181:9-186:25
	android:screenOrientation
		ADDED from src\main\AndroidManifest.xml:185:13-49
	android:label
		ADDED from src\main\AndroidManifest.xml:183:13-29
	android:theme
		ADDED from src\main\AndroidManifest.xml:184:13-63
	android:name
		ADDED from src\main\AndroidManifest.xml:182:13-50
activity#example.com.callrecorder.DirectoryPicker
ADDED from src\main\AndroidManifest.xml:187:9-192:25
	android:screenOrientation
		ADDED from src\main\AndroidManifest.xml:191:13-49
	android:label
		ADDED from src\main\AndroidManifest.xml:189:13-29
	android:theme
		ADDED from src\main\AndroidManifest.xml:190:13-63
	android:name
		ADDED from src\main\AndroidManifest.xml:188:13-44
activity#example.com.callrecorder.Googledrive.CreateEmptyFileActivity
ADDED from src\main\AndroidManifest.xml:193:9-198:25
	android:screenOrientation
		ADDED from src\main\AndroidManifest.xml:197:13-49
	android:label
		ADDED from src\main\AndroidManifest.xml:195:13-29
	android:theme
		ADDED from src\main\AndroidManifest.xml:196:13-63
	android:name
		ADDED from src\main\AndroidManifest.xml:194:13-64
activity#example.com.callrecorder.events.ListenChangeEventsForFilesActivity
ADDED from src\main\AndroidManifest.xml:199:9-79
	android:name
		ADDED from src\main\AndroidManifest.xml:199:19-76
activity#com.nononsenseapps.filepicker.FilePickerActivity
ADDED from src\main\AndroidManifest.xml:202:9-210:20
	android:label
		ADDED from src\main\AndroidManifest.xml:204:13-45
	android:theme
		ADDED from src\main\AndroidManifest.xml:205:13-51
	android:name
		ADDED from src\main\AndroidManifest.xml:203:13-76
intent-filter#android.intent.action.GET_CONTENT+android.intent.category.DEFAULT
ADDED from src\main\AndroidManifest.xml:206:13-209:29
action#android.intent.action.GET_CONTENT
ADDED from src\main\AndroidManifest.xml:207:17-76
	android:name
		ADDED from src\main\AndroidManifest.xml:207:25-73
uses-sdk
INJECTED from src\main\AndroidManifest.xml reason: use-sdk injection requested
MERGED from [com.android.support:design:23.4.0] AndroidManifest.xml:20:5-43
MERGED from [com.timehop.stickyheadersrecyclerview:library:0.4.3] AndroidManifest.xml:8:5-10:41
MERGED from [com.android.support:cardview-v7:23.4.0] AndroidManifest.xml:20:5-43
MERGED from [de.hdodenhof:circleimageview:2.1.0] AndroidManifest.xml:5:5-7:41
MERGED from [se.emilsjolander:stickylistheaders:2.7.0] AndroidManifest.xml:7:5-9:41
MERGED from [com.android.support:multidex:1.0.0] AndroidManifest.xml:18:5-42
MERGED from [com.google.android.gms:play-services:9.0.0] AndroidManifest.xml:4:5-42
MERGED from [com.google.android.gms:play-services-ads:9.0.0] AndroidManifest.xml:19:5-42
MERGED from [com.google.android.gms:play-services-ads-lite:9.0.0] AndroidManifest.xml:23:5-42
MERGED from [com.google.android.gms:play-services-analytics:9.0.0] AndroidManifest.xml:18:5-42
MERGED from [com.google.android.gms:play-services-appinvite:9.0.0] AndroidManifest.xml:18:5-42
MERGED from [com.google.android.gms:play-services-cast:9.0.0] AndroidManifest.xml:18:5-42
MERGED from [com.android.support:mediarouter-v7:23.0.0] AndroidManifest.xml:20:5-43
MERGED from [com.google.firebase:firebase-config:9.0.0] AndroidManifest.xml:18:5-42
MERGED from [com.google.firebase:firebase-crash:9.0.0] AndroidManifest.xml:22:5-42
MERGED from [com.google.firebase:firebase-auth:9.0.0] AndroidManifest.xml:18:5-43
MERGED from [com.google.firebase:firebase-auth-common:9.0.0] AndroidManifest.xml:18:5-43
MERGED from [com.google.firebase:firebase-auth-module:9.0.0] AndroidManifest.xml:4:5-43
MERGED from [com.google.firebase:firebase-database:9.0.0] AndroidManifest.xml:5:5-43
MERGED from [com.google.firebase:firebase-database-connection:9.0.0] AndroidManifest.xml:5:5-43
MERGED from [com.google.firebase:firebase-messaging:9.0.0] AndroidManifest.xml:18:5-42
MERGED from [com.google.firebase:firebase-storage:9.0.0] AndroidManifest.xml:5:5-43
MERGED from [com.google.firebase:firebase-storage-common:9.0.0] AndroidManifest.xml:5:5-43
MERGED from [com.google.android.gms:play-services-fitness:9.0.0] AndroidManifest.xml:18:5-42
MERGED from [com.google.android.gms:play-services-games:9.0.0] AndroidManifest.xml:18:5-42
MERGED from [com.google.android.gms:play-services-drive:9.0.0] AndroidManifest.xml:18:5-42
MERGED from [com.google.android.gms:play-services-gcm:9.0.0] AndroidManifest.xml:18:5-42
MERGED from [com.google.android.gms:play-services-appindexing:9.0.0] AndroidManifest.xml:18:5-42
MERGED from [com.google.android.gms:play-services-iid:9.0.0] AndroidManifest.xml:18:5-42
MERGED from [com.google.android.gms:play-services-location:9.0.0] AndroidManifest.xml:18:5-42
MERGED from [com.google.android.gms:play-services-nearby:9.0.0] AndroidManifest.xml:18:5-42
MERGED from [com.google.android.gms:play-services-panorama:9.0.0] AndroidManifest.xml:18:5-42
MERGED from [com.google.android.gms:play-services-plus:9.0.0] AndroidManifest.xml:18:5-42
MERGED from [com.google.android.gms:play-services-safetynet:9.0.0] AndroidManifest.xml:18:5-42
MERGED from [com.google.android.gms:play-services-tagmanager:9.0.0] AndroidManifest.xml:18:5-42
MERGED from [com.google.android.gms:play-services-analytics-impl:9.0.0] AndroidManifest.xml:18:5-42
MERGED from [com.google.android.gms:play-services-tagmanager-api:9.0.0] AndroidManifest.xml:18:5-42
MERGED from [com.google.firebase:firebase-analytics:9.0.0] AndroidManifest.xml:18:5-42
MERGED from [com.google.firebase:firebase-analytics-impl:9.0.0] AndroidManifest.xml:18:5-42
MERGED from [com.google.firebase:firebase-iid:9.0.0] AndroidManifest.xml:18:5-42
MERGED from [com.google.android.gms:play-services-vision:9.0.0] AndroidManifest.xml:4:5-42
MERGED from [com.google.android.gms:play-services-wallet:9.0.0] AndroidManifest.xml:19:5-42
MERGED from [com.google.android.gms:play-services-identity:9.0.0] AndroidManifest.xml:18:5-42
MERGED from [com.google.android.gms:play-services-maps:9.0.0] AndroidManifest.xml:26:5-42
MERGED from [com.google.android.gms:play-services-wearable:9.0.0] AndroidManifest.xml:18:5-42
MERGED from [com.google.android.gms:play-services-auth:9.0.0] AndroidManifest.xml:18:5-43
MERGED from [com.google.android.gms:play-services-auth-base:9.0.0] AndroidManifest.xml:5:5-43
MERGED from [com.google.android.gms:play-services-base:9.0.0] AndroidManifest.xml:18:5-42
MERGED from [com.google.firebase:firebase-common:9.0.0] AndroidManifest.xml:4:5-43
MERGED from [com.google.android.gms:play-services-tasks:9.0.0] AndroidManifest.xml:4:5-43
MERGED from [com.google.android.gms:play-services-basement:9.0.0] AndroidManifest.xml:18:5-42
MERGED from [com.nononsenseapps:filepicker:3.1.0] AndroidManifest.xml:13:5-15:41
MERGED from [com.android.support:appcompat-v7:24.2.1] AndroidManifest.xml:21:5-23:78
MERGED from [com.android.support:animated-vector-drawable:24.2.1] AndroidManifest.xml:20:5-44
MERGED from [com.android.support:support-vector-drawable:24.2.1] AndroidManifest.xml:21:5-43
MERGED from [com.android.support:support-v4:24.2.1] AndroidManifest.xml:21:5-23:54
MERGED from [com.android.support:support-fragment:24.2.1] AndroidManifest.xml:21:5-23:60
MERGED from [com.android.support:support-media-compat:24.2.1] AndroidManifest.xml:21:5-23:63
MERGED from [com.android.support:support-core-utils:24.2.1] AndroidManifest.xml:21:5-23:61
MERGED from [com.android.support:recyclerview-v7:24.2.1] AndroidManifest.xml:20:5-43
MERGED from [com.android.support:support-core-ui:24.2.1] AndroidManifest.xml:21:5-23:58
MERGED from [com.android.support:support-compat:24.2.1] AndroidManifest.xml:21:5-23:58
	tools:overrideLibrary
		ADDED from [com.android.support:appcompat-v7:24.2.1] AndroidManifest.xml:23:9-75
	android:targetSdkVersion
		INJECTED from src\main\AndroidManifest.xml
		INJECTED from src\main\AndroidManifest.xml
	android:minSdkVersion
		INJECTED from src\main\AndroidManifest.xml
		INJECTED from src\main\AndroidManifest.xml
uses-permission#android.permission.ACCESS_NETWORK_STATE
ADDED from [com.google.android.gms:play-services-ads-lite:9.0.0] AndroidManifest.xml:21:5-78
MERGED from [com.google.android.gms:play-services-analytics:9.0.0] AndroidManifest.xml:22:5-79
MERGED from [com.google.android.gms:play-services-nearby:9.0.0] AndroidManifest.xml:19:5-79
MERGED from [com.google.android.gms:play-services-analytics-impl:9.0.0] AndroidManifest.xml:22:5-79
MERGED from [com.google.android.gms:play-services-tagmanager-api:9.0.0] AndroidManifest.xml:22:5-79
MERGED from [com.google.firebase:firebase-analytics:9.0.0] AndroidManifest.xml:22:5-79
MERGED from [com.google.firebase:firebase-analytics-impl:9.0.0] AndroidManifest.xml:22:5-79
MERGED from [com.google.firebase:firebase-iid:9.0.0] AndroidManifest.xml:20:5-79
MERGED from [com.google.android.gms:play-services-maps:9.0.0] AndroidManifest.xml:20:5-78
	android:name
		ADDED from [com.google.android.gms:play-services-ads-lite:9.0.0] AndroidManifest.xml:21:22-76
activity#com.google.android.gms.ads.AdActivity
ADDED from [com.google.android.gms:play-services-ads-lite:9.0.0] AndroidManifest.xml:26:9-29:64
	android:configChanges
		ADDED from [com.google.android.gms:play-services-ads-lite:9.0.0] AndroidManifest.xml:28:13-122
	android:theme
		ADDED from [com.google.android.gms:play-services-ads-lite:9.0.0] AndroidManifest.xml:29:13-61
	android:name
		ADDED from [com.google.android.gms:play-services-ads-lite:9.0.0] AndroidManifest.xml:27:13-65
activity#com.google.android.gms.ads.purchase.InAppPurchaseActivity
ADDED from [com.google.android.gms:play-services-ads-lite:9.0.0] AndroidManifest.xml:30:9-31:52
	android:theme
		ADDED from [com.google.android.gms:play-services-ads-lite:9.0.0] AndroidManifest.xml:31:13-50
	android:name
		ADDED from [com.google.android.gms:play-services-ads-lite:9.0.0] AndroidManifest.xml:30:19-91
uses-permission#android.permission.WAKE_LOCK
ADDED from [com.google.android.gms:play-services-analytics:9.0.0] AndroidManifest.xml:25:5-67
MERGED from [com.google.android.gms:play-services-analytics-impl:9.0.0] AndroidManifest.xml:25:5-67
MERGED from [com.google.firebase:firebase-analytics:9.0.0] AndroidManifest.xml:24:5-67
MERGED from [com.google.firebase:firebase-analytics-impl:9.0.0] AndroidManifest.xml:24:5-67
MERGED from [com.google.firebase:firebase-iid:9.0.0] AndroidManifest.xml:22:5-68
	android:name
		ADDED from [com.google.android.gms:play-services-analytics:9.0.0] AndroidManifest.xml:25:22-65
activity#com.google.android.gms.appinvite.PreviewActivity
ADDED from [com.google.android.gms:play-services-appinvite:9.0.0] AndroidManifest.xml:21:9-29:20
	android:exported
		ADDED from [com.google.android.gms:play-services-appinvite:9.0.0] AndroidManifest.xml:23:17-40
	android:theme
		ADDED from [com.google.android.gms:play-services-appinvite:9.0.0] AndroidManifest.xml:24:17-63
	android:name
		ADDED from [com.google.android.gms:play-services-appinvite:9.0.0] AndroidManifest.xml:22:17-48
intent-filter#android.intent.category.DEFAULT+com.google.android.gms.appinvite.ACTION_PREVIEW
ADDED from [com.google.android.gms:play-services-appinvite:9.0.0] AndroidManifest.xml:25:13-28:29
action#com.google.android.gms.appinvite.ACTION_PREVIEW
ADDED from [com.google.android.gms:play-services-appinvite:9.0.0] AndroidManifest.xml:26:17-89
	android:name
		ADDED from [com.google.android.gms:play-services-appinvite:9.0.0] AndroidManifest.xml:26:25-87
service#com.google.firebase.crash.internal.service.FirebaseCrashReceiverService
ADDED from [com.google.firebase:firebase-crash:9.0.0] AndroidManifest.xml:26:9-27:50
	android:process
		ADDED from [com.google.firebase:firebase-crash:9.0.0] AndroidManifest.xml:27:13-48
	android:name